<?xml version="1.0" encoding="UTF-8"?>
<robot generator="Robot 3.1.2 (Python 3.7.2 on win32)" generated="20200806 22:57:26.308" rpa="false">
<suite id="s1" name="TestScript" source="C:\RobotFrameworkGit\RobotFrameworkAutomation\RobotSeleniumTest1\TestScript">
<suite id="s1-s1" name="Tests" source="C:\RobotFrameworkGit\RobotFrameworkAutomation\RobotSeleniumTest1\TestScript\Tests.robot">
<test id="s1-s1-t1" name="Test1">
<kw name="Log" library="BuiltIn">
<doc>Logs the given message with the given level.</doc>
<arguments>
<arg>This is Test1</arg>
</arguments>
<msg timestamp="20200806 22:57:27.113" level="INFO">This is Test1</msg>
<status status="PASS" starttime="20200806 22:57:27.113" endtime="20200806 22:57:27.113"></status>
</kw>
<status status="PASS" starttime="20200806 22:57:27.112" endtime="20200806 22:57:27.114" critical="yes"></status>
</test>
<test id="s1-s1-t2" name="Test2">
<kw name="Print User Detail">
<kw name="Log" library="BuiltIn">
<doc>Logs the given message with the given level.</doc>
<arguments>
<arg>Name is ${name}</arg>
</arguments>
<msg timestamp="20200806 22:57:27.119" level="INFO">Name is Vaibhav</msg>
<status status="PASS" starttime="20200806 22:57:27.118" endtime="20200806 22:57:27.119"></status>
</kw>
<kw name="Log" library="BuiltIn">
<doc>Logs the given message with the given level.</doc>
<arguments>
<arg>Surname is ${surname}</arg>
</arguments>
<msg timestamp="20200806 22:57:27.119" level="INFO">Surname is Gupta</msg>
<status status="PASS" starttime="20200806 22:57:27.119" endtime="20200806 22:57:27.119"></status>
</kw>
<status status="PASS" starttime="20200806 22:57:27.117" endtime="20200806 22:57:27.120"></status>
</kw>
<status status="PASS" starttime="20200806 22:57:27.116" endtime="20200806 22:57:27.121" critical="yes"></status>
</test>
<test id="s1-s1-t3" name="Test3">
<kw name="Open Browser" library="SeleniumLibrary">
<doc>Opens a new browser instance to the optional ``url``.</doc>
<arguments>
<arg>${URL}</arg>
<arg>${Browser}</arg>
</arguments>
<msg timestamp="20200806 22:57:27.125" level="INFO">Opening browser 'Chrome' to base url 'https://www.google.com'.</msg>
<status status="PASS" starttime="20200806 22:57:27.125" endtime="20200806 22:57:53.235"></status>
</kw>
<kw name="Close Browser" library="SeleniumLibrary">
<doc>Closes the current browser.</doc>
<status status="PASS" starttime="20200806 22:57:53.245" endtime="20200806 22:58:00.226"></status>
</kw>
<status status="PASS" starttime="20200806 22:57:27.123" endtime="20200806 22:58:00.227" critical="yes"></status>
</test>
<doc>This is Test Suite for Jenkins Test</doc>
<status status="PASS" starttime="20200806 22:57:26.435" endtime="20200806 22:58:00.230"></status>
</suite>
<status status="PASS" starttime="20200806 22:57:26.339" endtime="20200806 22:58:00.235"></status>
</suite>
<statistics>
<total>
<stat pass="3" fail="0">Critical Tests</stat>
<stat pass="3" fail="0">All Tests</stat>
</total>
<tag>
</tag>
<suite>
<stat pass="3" fail="0" id="s1" name="TestScript">TestScript</stat>
<stat pass="3" fail="0" id="s1-s1" name="Tests">TestScript.Tests</stat>
</suite>
</statistics>
<errors>
</errors>
</robot>
